<?xml version="1.0" encoding="UTF-8"?>
<!-- Generated by org.testng.reporters.JUnitReportReporter -->
<testsuite hostname="saravana-2405" failures="0" tests="6" name="api.test.SpotifyPlaylistTest" time="2.330" errors="0" timestamp="2025-07-05T11:48:54 IST" skipped="0">
  <testcase classname="api.test.SpotifyPlaylistTest" name="CreateMultiplePlaylists" time="0.812"/>
  <testcase classname="api.test.SpotifyPlaylistTest" name="DeleteMultiplePlaylists" time="0.586"/>
  <testcase classname="api.test.SpotifyPlaylistTest" name="AddPlayListTest" time="0.271"/>
  <testcase classname="api.test.SpotifyPlaylistTest" name="GetPlayListTest" time="0.196"/>
  <testcase classname="api.test.SpotifyPlaylistTest" name="UpdatePlayListTest" time="0.261"/>
  <testcase classname="api.test.SpotifyPlaylistTest" name="DeletePlaylistTest" time="0.204"/>
</testsuite> <!-- api.test.SpotifyPlaylistTest -->
