<?xml version="1.0" encoding="UTF-8"?>
<!-- Generated by org.testng.reporters.JUnitReportReporter -->
<testsuite hostname="saravana-2405" failures="0" tests="5" name="api.test.SpotifyCommonTest" time="1.339" errors="0" timestamp="2025-07-05T11:48:54 IST" skipped="3">
  <testcase classname="api.test.SpotifyCommonTest" name="getCurrentUserId" time="1.100"/>
  <testcase classname="api.test.SpotifyCommonTest" name="getUsersPlaylist" time="0.239"/>
  <testcase classname="api.test.SpotifyCommonTest" name="getAuthCode">
    <skipped/>
  </testcase> <!-- getAuthCode -->
  <testcase classname="api.test.SpotifyCommonTest" name="getAccessToken">
    <skipped/>
  </testcase> <!-- getAccessToken -->
  <testcase classname="api.test.SpotifyCommonTest" name="AuthCodebrowser">
    <skipped/>
  </testcase> <!-- AuthCodebrowser -->
</testsuite> <!-- api.test.SpotifyCommonTest -->
