<?xml version="1.0" encoding="UTF-8"?>
<!-- Generated by org.testng.reporters.JUnitReportReporter -->
<testsuite hostname="saravana-2405" failures="0" tests="6" name="api.test.SpotifyPlaylistItemsTest" time="5.900" errors="0" timestamp="2025-07-05T11:48:54 IST" skipped="0">
  <testcase classname="api.test.SpotifyPlaylistItemsTest" name="SearchItems" time="0.781"/>
  <testcase classname="api.test.SpotifyPlaylistItemsTest" name="AddPlaylistforItems" time="2.049"/>
  <testcase classname="api.test.SpotifyPlaylistItemsTest" name="SearchItems1" time="0.968"/>
  <testcase classname="api.test.SpotifyPlaylistItemsTest" name="AddlayListItemTest" time="0.714"/>
  <testcase classname="api.test.SpotifyPlaylistItemsTest" name="UpdatePlayListItemTest" time="0.751"/>
  <testcase classname="api.test.SpotifyPlaylistItemsTest" name="DeleteMultiplePlaylists" time="0.637"/>
</testsuite> <!-- api.test.SpotifyPlaylistItemsTest -->
