<?xml version="1.0" encoding="UTF-8"?>
<!-- Generated by org.testng.reporters.JUnitReportReporter -->
<testsuite hostname="saravana-2405" failures="0" tests="6" name="api.test.SpotifyPlaylistItemsTest" time="4.725" errors="0" timestamp="2025-07-05T12:01:01 IST" skipped="0">
  <testcase classname="api.test.SpotifyPlaylistItemsTest" name="SearchItems" time="0.749"/>
  <system-out/>
  <testcase classname="api.test.SpotifyPlaylistItemsTest" name="SearchItems1" time="0.820"/>
  <system-out/>
  <testcase classname="api.test.SpotifyPlaylistItemsTest" name="AddPlaylistforItems" time="0.784"/>
  <system-out/>
  <testcase classname="api.test.SpotifyPlaylistItemsTest" name="AddlayListItemTest" time="0.760"/>
  <system-out/>
  <testcase classname="api.test.SpotifyPlaylistItemsTest" name="UpdatePlayListItemTest" time="1.014"/>
  <system-out/>
  <testcase classname="api.test.SpotifyPlaylistItemsTest" name="DeleteMultiplePlaylists" time="0.598"/>
  <system-out/>
</testsuite> <!-- api.test.SpotifyPlaylistItemsTest -->
