<?xml version="1.0" encoding="UTF-8"?>
<!-- Generated by org.testng.reporters.JUnitReportReporter -->
<testsuite hostname="saravana-2405" failures="0" tests="5" name="api.test.SpotifyCommonTest" time="1.092" errors="0" timestamp="2025-07-05T12:01:01 IST" skipped="3">
  <testcase classname="api.test.SpotifyCommonTest" name="getCurrentUserId" time="0.800"/>
  <system-out/>
  <testcase classname="api.test.SpotifyCommonTest" name="getUsersPlaylist" time="0.292"/>
  <system-out/>
  <testcase classname="api.test.SpotifyCommonTest" name="AuthCodebrowser">
    <skipped/>
  </testcase> <!-- AuthCodebrowser -->
  <system-out/>
  <testcase classname="api.test.SpotifyCommonTest" name="getAuthCode">
    <skipped/>
  </testcase> <!-- getAuthCode -->
  <system-out/>
  <testcase classname="api.test.SpotifyCommonTest" name="getAccessToken">
    <skipped/>
  </testcase> <!-- getAccessToken -->
  <system-out/>
</testsuite> <!-- api.test.SpotifyCommonTest -->
