<?xml version="1.0" encoding="UTF-8"?>
<!-- Generated by org.testng.reporters.JUnitReportReporter -->
<testsuite hostname="saravana-2405" failures="0" tests="6" name="api.test.SpotifyPlaylistTest" time="2.398" errors="0" timestamp="2025-07-05T12:01:01 IST" skipped="0">
  <testcase classname="api.test.SpotifyPlaylistTest" name="DeleteMultiplePlaylists" time="0.619"/>
  <system-out/>
  <testcase classname="api.test.SpotifyPlaylistTest" name="CreateMultiplePlaylists" time="0.848"/>
  <system-out/>
  <testcase classname="api.test.SpotifyPlaylistTest" name="AddPlayListTest" time="0.276"/>
  <system-out/>
  <testcase classname="api.test.SpotifyPlaylistTest" name="GetPlayListTest" time="0.215"/>
  <system-out/>
  <testcase classname="api.test.SpotifyPlaylistTest" name="UpdatePlayListTest" time="0.240"/>
  <system-out/>
  <testcase classname="api.test.SpotifyPlaylistTest" name="DeletePlaylistTest" time="0.200"/>
  <system-out/>
</testsuite> <!-- api.test.SpotifyPlaylistTest -->
